Flow report for 7_stageMonitor
Sun Mar 03 17:16:26 2024
Quartus II 64-Bit Version 13.1.0 Build 162 10/23/2013 SJ Web Edition


---------------------
; Table of Contents ;
---------------------
  1. Legal Notice
  2. Flow Summary
  3. Flow Settings
  4. Flow Non-Default Global Settings
  5. Flow Elapsed Time
  6. Flow OS Summary
  7. Flow Log
  8. Flow Messages
  9. Flow Suppressed Messages



----------------
; Legal Notice ;
----------------
Copyright (C) 1991-2013 Altera Corporation
Your use of Altera Corporation's design tools, logic functions 
and other software and tools, and its AMPP partner logic 
functions, and any output files from any of the foregoing 
(including device programming or simulation files), and any 
associated documentation or information are expressly subject 
to the terms and conditions of the Altera Program License 
Subscription Agreement, Altera MegaCore Function License 
Agreement, or other applicable license agreement, including, 
without limitation, that your use is for the sole purpose of 
programming logic devices manufactured by Altera and sold by 
Altera or its authorized distributors.  Please refer to the 
applicable agreement for further details.



+---------------------------------------------------------------------------------+
; Flow Summary                                                                    ;
+------------------------------------+--------------------------------------------+
; Flow Status                        ; Successful - Sun Mar 03 17:16:26 2024      ;
; Quartus II 64-Bit Version          ; 13.1.0 Build 162 10/23/2013 SJ Web Edition ;
; Revision Name                      ; 7_stageMonitor                             ;
; Top-level Entity Name              ; seven_stage_monitor                        ;
; Family                             ; Cyclone IV GX                              ;
; Total logic elements               ; 7 / 14,400 ( < 1 % )                       ;
;     Total combinational functions  ; 7 / 14,400 ( < 1 % )                       ;
;     Dedicated logic registers      ; 0 / 14,400 ( 0 % )                         ;
; Total registers                    ; 0                                          ;
; Total pins                         ; 11 / 81 ( 14 % )                           ;
; Total virtual pins                 ; 0                                          ;
; Total memory bits                  ; 0 / 552,960 ( 0 % )                        ;
; Embedded Multiplier 9-bit elements ; 0                                          ;
; Total GXB Receiver Channel PCS     ; 0 / 2 ( 0 % )                              ;
; Total GXB Receiver Channel PMA     ; 0 / 2 ( 0 % )                              ;
; Total GXB Transmitter Channel PCS  ; 0 / 2 ( 0 % )                              ;
; Total GXB Transmitter Channel PMA  ; 0 / 2 ( 0 % )                              ;
; Total PLLs                         ; 0 / 3 ( 0 % )                              ;
; Device                             ; EP4CGX15BF14C6                             ;
; Timing Models                      ; Final                                      ;
+------------------------------------+--------------------------------------------+


+-----------------------------------------+
; Flow Settings                           ;
+-------------------+---------------------+
; Option            ; Setting             ;
+-------------------+---------------------+
; Start date & time ; 03/03/2024 15:09:30 ;
; Main task         ; Compilation         ;
; Revision Name     ; 7_stageMonitor      ;
+-------------------+---------------------+


+-------------------------------------------------------------------------------------------------------------------------------+
; Flow Non-Default Global Settings                                                                                              ;
+-------------------------------------+---------------------------------+----------------+---------------------+----------------+
; Assignment Name                     ; Value                           ; Default Value  ; Entity Name         ; Section Id     ;
+-------------------------------------+---------------------------------+----------------+---------------------+----------------+
; COMPILER_SIGNATURE_ID               ; 136935934646795.170944977003836 ; --             ; --                  ; --             ;
; EDA_OUTPUT_DATA_FORMAT              ; Vhdl                            ; --             ; --                  ; eda_simulation ;
; EDA_SIMULATION_TOOL                 ; ModelSim-Altera (VHDL)          ; <None>         ; --                  ; --             ;
; PARTITION_COLOR                     ; 16764057                        ; --             ; seven_stage_monitor ; Top            ;
; PARTITION_FITTER_PRESERVATION_LEVEL ; PLACEMENT_AND_ROUTING           ; --             ; seven_stage_monitor ; Top            ;
; PARTITION_NETLIST_TYPE              ; SOURCE                          ; --             ; seven_stage_monitor ; Top            ;
; PROJECT_OUTPUT_DIRECTORY            ; output_files                    ; --             ; --                  ; --             ;
; TOP_LEVEL_ENTITY                    ; seven_stage_monitor             ; 7_stageMonitor ; --                  ; --             ;
+-------------------------------------+---------------------------------+----------------+---------------------+----------------+


+-------------------------------------------------------------------------------------------------------------------------------+
; Flow Elapsed Time                                                                                                             ;
+---------------------------+--------------+-------------------------+---------------------+------------------------------------+
; Module Name               ; Elapsed Time ; Average Processors Used ; Peak Virtual Memory ; Total CPU Time (on all processors) ;
+---------------------------+--------------+-------------------------+---------------------+------------------------------------+
; Analysis & Synthesis      ; 00:00:01     ; 1.0                     ; 4669 MB             ; 00:00:01                           ;
; Fitter                    ; 00:00:05     ; 1.0                     ; 5026 MB             ; 00:00:03                           ;
; Assembler                 ; 00:00:00     ; 1.0                     ; 4629 MB             ; 00:00:01                           ;
; TimeQuest Timing Analyzer ; 00:00:01     ; 1.0                     ; 4638 MB             ; 00:00:01                           ;
; EDA Netlist Writer        ; 00:00:00     ; 1.0                     ; 4589 MB             ; 00:00:00                           ;
; EDA Netlist Writer        ; 00:00:01     ; 1.0                     ; 4595 MB             ; 00:00:00                           ;
; EDA Netlist Writer        ; 00:00:01     ; 1.0                     ; 4595 MB             ; 00:00:00                           ;
; Total                     ; 00:00:09     ; --                      ; --                  ; 00:00:06                           ;
+---------------------------+--------------+-------------------------+---------------------+------------------------------------+


+----------------------------------------------------------------------------------------+
; Flow OS Summary                                                                        ;
+---------------------------+------------------+-----------+------------+----------------+
; Module Name               ; Machine Hostname ; OS Name   ; OS Version ; Processor type ;
+---------------------------+------------------+-----------+------------+----------------+
; Analysis & Synthesis      ; LAPTOP-2QG2VCRB  ; Windows 7 ; 6.2        ; x86_64         ;
; Fitter                    ; LAPTOP-2QG2VCRB  ; Windows 7 ; 6.2        ; x86_64         ;
; Assembler                 ; LAPTOP-2QG2VCRB  ; Windows 7 ; 6.2        ; x86_64         ;
; TimeQuest Timing Analyzer ; LAPTOP-2QG2VCRB  ; Windows 7 ; 6.2        ; x86_64         ;
; EDA Netlist Writer        ; LAPTOP-2QG2VCRB  ; Windows 7 ; 6.2        ; x86_64         ;
; EDA Netlist Writer        ; LAPTOP-2QG2VCRB  ; Windows 7 ; 6.2        ; x86_64         ;
; EDA Netlist Writer        ; LAPTOP-2QG2VCRB  ; Windows 7 ; 6.2        ; x86_64         ;
+---------------------------+------------------+-----------+------------+----------------+


------------
; Flow Log ;
------------
quartus_map --read_settings_files=on --write_settings_files=off 7_stageMonitor -c 7_stageMonitor
quartus_fit --read_settings_files=off --write_settings_files=off 7_stageMonitor -c 7_stageMonitor
quartus_asm --read_settings_files=off --write_settings_files=off 7_stageMonitor -c 7_stageMonitor
quartus_sta 7_stageMonitor -c 7_stageMonitor
quartus_eda --read_settings_files=off --write_settings_files=off 7_stageMonitor -c 7_stageMonitor
quartus_eda --gen_testbench --check_outputs=on --tool=modelsim_oem --format=verilog 7_stageMonitor -c 7_stageMonitor --vector_source=C:/altera/13.1/7_stageMonitor/Waveform.vwf --testbench_file=C:/altera/13.1/7_stageMonitor/simulation/qsim/Waveform.vwf.vt
quartus_eda --functional=on --flatten_buses=off --simulation=on --tool=modelsim_oem --format=verilog --output_directory=C:/altera/13.1/7_stageMonitor/simulation/qsim/ 7_stageMonitor -c 7_stageMonitor



